<?xml version="1.0" encoding="UTF-8"?>
<testng-results ignored="0" total="1" passed="1" failed="0" skipped="0">
  <reporter-output>
  </reporter-output>
  <suite started-at="2025-03-31T11:08:11 BST" name="Default suite" finished-at="2025-03-31T11:08:22 BST" duration-ms="11022">
    <groups>
    </groups>
    <test started-at="2025-03-31T11:08:11 BST" name="Default test" finished-at="2025-03-31T11:08:22 BST" duration-ms="11022">
      <class name="com.testscenarios.Hybridframework_Testcase5">
        <test-method signature="rigisteruserwithexistingemail()[pri:0, instance:com.testscenarios.Hybridframework_Testcase5@2002fc1d]" started-at="2025-03-31T11:08:11 BST" name="rigisteruserwithexistingemail" finished-at="2025-03-31T11:08:22 BST" duration-ms="10968" status="PASS">
          <reporter-output>
          </reporter-output>
        </test-method> <!-- rigisteruserwithexistingemail -->
      </class> <!-- com.testscenarios.Hybridframework_Testcase5 -->
    </test> <!-- Default test -->
  </suite> <!-- Default suite -->
</testng-results>
