<?xml version="1.0" encoding="UTF-8"?>
<testng-results ignored="0" total="1" passed="1" failed="0" skipped="0">
  <reporter-output>
  </reporter-output>
  <suite started-at="2025-04-08T22:51:50 IST" name="Default suite" finished-at="2025-04-08T22:52:34 IST" duration-ms="44019">
    <groups>
    </groups>
    <test started-at="2025-04-08T22:51:50 IST" name="Default test" finished-at="2025-04-08T22:52:34 IST" duration-ms="44019">
      <class name="com.testscenarios.GetAllWebementsOnTheCurrentPage">
        <test-method is-config="true" signature="beforeClass()[pri:0, instance:com.testscenarios.GetAllWebementsOnTheCurrentPage@4c309d4d]" started-at="2025-04-08T22:51:50 IST" name="beforeClass" finished-at="2025-04-08T22:52:02 IST" duration-ms="11771" status="PASS">
          <reporter-output>
          </reporter-output>
        </test-method> <!-- beforeClass -->
        <test-method signature="f()[pri:0, instance:com.testscenarios.GetAllWebementsOnTheCurrentPage@4c309d4d]" started-at="2025-04-08T22:52:02 IST" name="f" finished-at="2025-04-08T22:52:34 IST" duration-ms="31480" status="PASS">
          <reporter-output>
          </reporter-output>
        </test-method> <!-- f -->
        <test-method is-config="true" signature="afterMethod()[pri:0, instance:com.testscenarios.GetAllWebementsOnTheCurrentPage@4c309d4d]" started-at="2025-04-08T22:52:34 IST" name="afterMethod" finished-at="2025-04-08T22:52:34 IST" duration-ms="162" status="PASS">
          <reporter-output>
          </reporter-output>
        </test-method> <!-- afterMethod -->
        <test-method is-config="true" signature="afterClass()[pri:0, instance:com.testscenarios.GetAllWebementsOnTheCurrentPage@4c309d4d]" started-at="2025-04-08T22:52:34 IST" name="afterClass" finished-at="2025-04-08T22:52:34 IST" duration-ms="546" status="PASS">
          <reporter-output>
          </reporter-output>
        </test-method> <!-- afterClass -->
      </class> <!-- com.testscenarios.GetAllWebementsOnTheCurrentPage -->
    </test> <!-- Default test -->
  </suite> <!-- Default suite -->
</testng-results>
